android/app/build/intermediates/manifest_merge_blame_file/release/manifest-merger-blame-release-report.txt
1<?xml version="1.0" encoding="utf-8"?>
2<manifest xmlns:android="http://schemas.android.com/apk/res/android"
3    package="com.Library"
4    android:versionCode="1"
5    android:versionName="1.0" >
6
7    <uses-sdk
8        android:minSdkVersion="21"
8-->src\main\AndroidManifest.xml
9        android:targetSdkVersion="28" />
9-->src\main\AndroidManifest.xml
10
11    <uses-permission android:name="android.permission.INTERNET" />
11-->src\main\AndroidManifest.xml:4:5-67
11-->src\main\AndroidManifest.xml:4:22-64
12    <uses-permission android:name="android.permission.SYSTEM_ALERT_WINDOW" />
12-->src\main\AndroidManifest.xml:5:5-77
12-->src\main\AndroidManifest.xml:5:22-75
13
14    <!-- OPTIONAL PERMISSIONS, REMOVE WHATEVER YOU DO NOT NEED -->
15    <uses-permission android:name="android.permission.MANAGE_DOCUMENTS" />
15-->src\main\AndroidManifest.xml:8:5-75
15-->src\main\AndroidManifest.xml:8:22-72
16    <uses-permission android:name="android.permission.READ_INTERNAL_STORAGE" />
16-->src\main\AndroidManifest.xml:9:5-80
16-->src\main\AndroidManifest.xml:9:22-77
17    <uses-permission android:name="android.permission.READ_PHONE_STATE" />
17-->src\main\AndroidManifest.xml:10:5-75
17-->src\main\AndroidManifest.xml:10:22-72
18    <uses-permission android:name="android.permission.USE_FINGERPRINT" />
18-->src\main\AndroidManifest.xml:11:5-74
18-->src\main\AndroidManifest.xml:11:22-71
19    <uses-permission android:name="android.permission.VIBRATE" />
19-->src\main\AndroidManifest.xml:12:5-66
19-->src\main\AndroidManifest.xml:12:22-63
20    <uses-permission android:name="android.permission.MODIFY_AUDIO_SETTINGS" />
20-->src\main\AndroidManifest.xml:13:5-80
20-->src\main\AndroidManifest.xml:13:22-77
21
22    <!-- These require runtime permissions on M -->
23    <uses-permission android:name="android.permission.ACCESS_COARSE_LOCATION" />
23-->src\main\AndroidManifest.xml:16:5-81
23-->src\main\AndroidManifest.xml:16:22-78
24    <uses-permission android:name="android.permission.ACCESS_FINE_LOCATION" />
24-->src\main\AndroidManifest.xml:17:5-79
24-->src\main\AndroidManifest.xml:17:22-76
25    <uses-permission android:name="android.permission.CAMERA" />
25-->src\main\AndroidManifest.xml:18:5-65
25-->src\main\AndroidManifest.xml:18:22-62
26    <uses-permission android:name="android.permission.READ_CONTACTS" />
26-->src\main\AndroidManifest.xml:19:5-72
26-->src\main\AndroidManifest.xml:19:22-69
27    <uses-permission android:name="android.permission.READ_CALENDAR" />
27-->src\main\AndroidManifest.xml:20:5-72
27-->src\main\AndroidManifest.xml:20:22-69
28    <uses-permission android:name="android.permission.WRITE_CALENDAR" />
28-->src\main\AndroidManifest.xml:21:5-73
28-->src\main\AndroidManifest.xml:21:22-70
29    <uses-permission android:name="android.permission.READ_EXTERNAL_STORAGE" />
29-->src\main\AndroidManifest.xml:22:5-80
29-->src\main\AndroidManifest.xml:22:22-77
30    <uses-permission android:name="android.permission.RECORD_AUDIO" />
30-->src\main\AndroidManifest.xml:23:5-71
30-->src\main\AndroidManifest.xml:23:22-68
31    <uses-permission android:name="android.permission.WRITE_EXTERNAL_STORAGE" />
31-->src\main\AndroidManifest.xml:24:5-81
31-->src\main\AndroidManifest.xml:24:22-78
32    <uses-permission android:name="android.permission.WRITE_SETTINGS" />
32-->src\main\AndroidManifest.xml:25:5-73
32-->src\main\AndroidManifest.xml:25:22-70
33    <uses-permission android:name="android.permission.ACCESS_NETWORK_STATE" />
33-->[:expo-updates] AndroidManifest.xml:11:5-79
33-->[:expo-updates] AndroidManifest.xml:11:22-76
34    <uses-permission android:name="android.permission.STORAGE" />
34-->[:expo-file-system] AndroidManifest.xml:15:5-66
34-->[:expo-file-system] AndroidManifest.xml:15:22-63
35    <uses-permission android:name="android.permission.FOREGROUND_SERVICE" />
35-->[:expo-location] AndroidManifest.xml:13:5-77
35-->[:expo-location] AndroidManifest.xml:13:22-74
36    <uses-permission android:name="com.google.android.providers.gsf.permission.READ_GSERVICES" />
36-->[io.nlopez.smartlocation:library:3.2.11] AndroidManifest.xml:15:5-98
36-->[io.nlopez.smartlocation:library:3.2.11] AndroidManifest.xml:15:22-95
37    <uses-permission android:name="com.google.android.gms.permission.ACTIVITY_RECOGNITION" /> <!-- END OPTIONAL PERMISSIONS -->
37-->[io.nlopez.smartlocation:library:3.2.11] AndroidManifest.xml:16:5-94
37-->[io.nlopez.smartlocation:library:3.2.11] AndroidManifest.xml:16:22-91
38    <application
38-->src\main\AndroidManifest.xml:28:5-51:19
39        android:name="com.Library.MainApplication"
39-->src\main\AndroidManifest.xml:29:7-38
40        android:allowBackup="false"
40-->src\main\AndroidManifest.xml:33:7-34
41        android:appComponentFactory="androidx.core.app.CoreComponentFactory"
41-->[androidx.core:core:1.1.0] AndroidManifest.xml:24:18-86
42        android:icon="@mipmap/ic_launcher"
42-->src\main\AndroidManifest.xml:31:7-41
43        android:label="@string/app_name"
43-->src\main\AndroidManifest.xml:30:7-39
44        android:roundIcon="@mipmap/ic_launcher_round"
44-->src\main\AndroidManifest.xml:32:7-52
45        android:theme="@style/AppTheme" >
45-->src\main\AndroidManifest.xml:34:7-38
46        <meta-data
46-->src\main\AndroidManifest.xml:36:7-106
47            android:name="expo.modules.updates.EXPO_UPDATE_URL"
47-->src\main\AndroidManifest.xml:36:18-69
48            android:value="YOUR-APP-URL-HERE" />
48-->src\main\AndroidManifest.xml:36:70-103
49        <meta-data
49-->src\main\AndroidManifest.xml:37:7-115
50            android:name="expo.modules.updates.EXPO_SDK_VERSION"
50-->src\main\AndroidManifest.xml:37:18-70
51            android:value="YOUR-APP-SDK-VERSION-HERE" />
51-->src\main\AndroidManifest.xml:37:71-112
52
53        <activity
53-->src\main\AndroidManifest.xml:39:7-49:18
54            android:name="com.Library.MainActivity"
54-->src\main\AndroidManifest.xml:40:9-37
55            android:configChanges="keyboard|keyboardHidden|orientation|screenSize"
55-->src\main\AndroidManifest.xml:42:9-79
56            android:label="@string/app_name"
56-->src\main\AndroidManifest.xml:41:9-41
57            android:launchMode="singleTask"
57-->src\main\AndroidManifest.xml:43:9-40
58            android:windowSoftInputMode="adjustResize" >
58-->src\main\AndroidManifest.xml:44:9-51
59            <intent-filter>
59-->src\main\AndroidManifest.xml:45:9-48:25
60                <action android:name="android.intent.action.MAIN" />
60-->src\main\AndroidManifest.xml:46:13-65
60-->src\main\AndroidManifest.xml:46:21-62
61
62                <category android:name="android.intent.category.LAUNCHER" />
62-->src\main\AndroidManifest.xml:47:13-73
62-->src\main\AndroidManifest.xml:47:23-70
63            </intent-filter>
64        </activity>
65        <activity android:name="com.facebook.react.devsupport.DevSettingsActivity" />
65-->src\main\AndroidManifest.xml:50:7-84
65-->src\main\AndroidManifest.xml:50:17-81
66
67        <provider
67-->[:expo-file-system] AndroidManifest.xml:18:9-27:20
68            android:name="expo.modules.filesystem.FileSystemFileProvider"
68-->[:expo-file-system] AndroidManifest.xml:19:13-74
69            android:authorities="com.Library.FileSystemFileProvider"
69-->[:expo-file-system] AndroidManifest.xml:20:13-74
70            android:exported="false"
70-->[:expo-file-system] AndroidManifest.xml:21:13-37
71            android:grantUriPermissions="true" >
71-->[:expo-file-system] AndroidManifest.xml:22:13-47
72            <meta-data
72-->[:expo-file-system] AndroidManifest.xml:24:13-26:70
73                android:name="android.support.FILE_PROVIDER_PATHS"
73-->[:expo-file-system] AndroidManifest.xml:25:17-67
74                android:resource="@xml/file_system_provider_paths" />
74-->[:expo-file-system] AndroidManifest.xml:26:17-67
75        </provider>
76
77        <service
77-->[:expo-location] AndroidManifest.xml:16:9-18:40
78            android:name="expo.modules.location.services.LocationTaskService"
78-->[:expo-location] AndroidManifest.xml:17:13-78
79            android:exported="false" />
79-->[:expo-location] AndroidManifest.xml:18:13-37
80
81        <activity
81-->[com.google.android.gms:play-services-base:16.0.1] AndroidManifest.xml:23:9-26:75
82            android:name="com.google.android.gms.common.api.GoogleApiActivity"
82-->[com.google.android.gms:play-services-base:16.0.1] AndroidManifest.xml:24:13-79
83            android:exported="false"
83-->[com.google.android.gms:play-services-base:16.0.1] AndroidManifest.xml:25:13-37
84            android:theme="@android:style/Theme.Translucent.NoTitleBar" />
84-->[com.google.android.gms:play-services-base:16.0.1] AndroidManifest.xml:26:13-72
85
86        <meta-data
86-->[com.google.android.gms:play-services-basement:16.0.1] AndroidManifest.xml:23:9-25:69
87            android:name="com.google.android.gms.version"
87-->[com.google.android.gms:play-services-basement:16.0.1] AndroidManifest.xml:24:13-58
88            android:value="@integer/google_play_services_version" />
88-->[com.google.android.gms:play-services-basement:16.0.1] AndroidManifest.xml:25:13-66
89
90        <service
90-->[androidx.room:room-runtime:2.1.0] AndroidManifest.xml:25:9-27:40
91            android:name="androidx.room.MultiInstanceInvalidationService"
91-->[androidx.room:room-runtime:2.1.0] AndroidManifest.xml:26:13-74
92            android:exported="false" />
92-->[androidx.room:room-runtime:2.1.0] AndroidManifest.xml:27:13-37
93        <service
93-->[io.nlopez.smartlocation:library:3.2.11] AndroidManifest.xml:19:9-21:40
94            android:name="io.nlopez.smartlocation.activity.providers.ActivityGooglePlayServicesProvider$ActivityRecognitionService"
94-->[io.nlopez.smartlocation:library:3.2.11] AndroidManifest.xml:20:13-132
95            android:exported="false" />
95-->[io.nlopez.smartlocation:library:3.2.11] AndroidManifest.xml:21:13-37
96        <service
96-->[io.nlopez.smartlocation:library:3.2.11] AndroidManifest.xml:22:9-24:40
97            android:name="io.nlopez.smartlocation.geofencing.providers.GeofencingGooglePlayServicesProvider$GeofencingService"
97-->[io.nlopez.smartlocation:library:3.2.11] AndroidManifest.xml:23:13-127
98            android:exported="false" />
98-->[io.nlopez.smartlocation:library:3.2.11] AndroidManifest.xml:24:13-37
99        <service
99-->[io.nlopez.smartlocation:library:3.2.11] AndroidManifest.xml:25:9-27:40
100            android:name="io.nlopez.smartlocation.geocoding.providers.AndroidGeocodingProvider$AndroidGeocodingService"
100-->[io.nlopez.smartlocation:library:3.2.11] AndroidManifest.xml:26:13-120
101            android:exported="false" />
101-->[io.nlopez.smartlocation:library:3.2.11] AndroidManifest.xml:27:13-37
102    </application>
103
104</manifest>